Jan 06 16:33 : exception: Failed to open /home/reddy/.mpd/playlists: No such file or directory
Jan 06 16:33 : player: played "MUS/ammaye challo antu.mp3"
Jan 06 16:35 : player: played "MUS/manike-mage-hithe.mp3"
Jan 25 20:54 : exception: Failed to open /home/reddy/.mpd/playlists: No such file or directory
Jan 25 20:54 : update: removing MUS/ammaye challo antu.mp3
Jan 25 20:54 : update: removing MUS/Shape of You Mp3 Ed Sheeran.mp3
Jan 25 20:54 : update: removing MUS/[iSongs.info] 01 - Adhento Gaani Vunnapaatuga.mp3
Jan 25 20:54 : update: removing MUS/[iSongs.info] 05 - Oo Antava..Oo Oo Antava.mp3
Jan 25 20:54 : update: added MUS/[iSongs.info] 02 - Ria.mp3
Jan 25 20:54 : update: updating MUS/[iSongs.info] 02 - Guche Gulabi.mp3
Jan 25 20:54 : update: updating MUS/Main Tera Boyfriend (Raabta) 128 Kbps.mp3
Jan 25 20:54 : update: updating MUS/[iSongs.info] Katha Vintava.mp3
Jan 25 20:54 : update: updating MUS/Justin Bieber - Love Me.mp3
Jan 25 20:54 : update: updating MUS/Leharaayi.mp3
Jan 25 20:54 : update: updating MUS/[iSongs.info] 04 - Seeti Maar.mp3
Jan 25 20:54 : update: updating MUS/[iSongs.info] 05 - Nee Yadalo Naaku.mp3
Jan 25 20:54 : update: updating MUS/Ammaye Challo Antu.mp3
Jan 25 20:54 : update: updating MUS/Ye_Chota_Nuvvunna_Saaho_Prabhas_Shraddha_K_Guru_Randhawa_Tulsi_Kumar.mp3
Jan 25 20:54 : update: updating MUS/[iSongs.info] 01 - The Karma Theme.mp3
Jan 25 20:54 : update: updating MUS/[iSongs.info] 03 - Kung Fu Kumaari.mp3
Jan 25 20:54 : update: updating MUS/[iSongs.info] 01 - Athiloka Sundari.mp3
Jan 25 20:54 : update: updating MUS/[iSongs.info] 02 - Gaali Vaaluga.mp3
Jan 25 20:54 : update: updating MUS/Naa Dooja Koi - Rakul Preet Singh _ Pavail Gulati _ Arko feat. Jyotica Tangri _ Zee Music Originals(MP3_320K).mp3
Jan 25 20:54 : update: updating MUS/manike-mage-hithe.mp3
Jan 25 20:54 : update: updating MUS/[iSongs.info] 01 - Chiru Chiru Chiru.mp3
Jan 25 20:54 : update: updating MUS/[iSongs.info] 02 - Mandaara Poovalle.mp3
Jan 25 20:54 : update: updating MUS/[iSongs.info] 01 - Run.mp3
Jan 25 20:54 : update: updating MUS/[iSongs.info] 04 - Chuttesai Chuttesai.mp3
Jan 25 20:54 : update: updating MUS/[iSongs.info] 05 - Naatu Naatu.mp3
Jan 25 20:54 : exception: Failed to open /home/reddy/.mpd/playlists: No such file or directory
Jan 25 20:58 : player: played "MUS/Ammaye Challo Antu.mp3"
Jan 25 21:02 : player: played "MUS/[iSongs.info] 02 - Gaali Vaaluga.mp3"
Jan 25 21:07 : player: played "MUS/[iSongs.info] 02 - Ria.mp3"
Jan 25 21:12 : player: played "MUS/[iSongs.info] 03 - Kung Fu Kumaari.mp3"
Jan 25 21:16 : player: played "MUS/[iSongs.info] 01 - Run.mp3"
Jan 25 21:20 : player: played "MUS/[iSongs.info] 04 - Seeti Maar.mp3"
Jan 25 21:25 : player: played "MUS/Ammaye Challo Antu.mp3"
Jan 25 21:30 : player: played "MUS/[iSongs.info] 02 - Gaali Vaaluga.mp3"
Jan 25 21:34 : player: played "MUS/[iSongs.info] 02 - Ria.mp3"
Jan 25 21:38 : player: played "MUS/[iSongs.info] 03 - Kung Fu Kumaari.mp3"
Jan 25 21:46 : player: played "MUS/[iSongs.info] 01 - Run.mp3"
Jan 25 21:50 : player: played "MUS/[iSongs.info] 04 - Seeti Maar.mp3"
Jan 25 21:53 : player: played "MUS/Ammaye Challo Antu.mp3"
Jan 25 21:57 : player: played "MUS/[iSongs.info] 02 - Gaali Vaaluga.mp3"
Jan 25 22:01 : player: played "MUS/[iSongs.info] 02 - Ria.mp3"
Jan 27 20:59 : player: played "MUS/[iSongs.info] 02 - Ria.mp3"
Jan 27 21:01 : player: played "MUS/[iSongs.info] 02 - Ria.mp3"
Jan 28 10:59 : player: played "MUS/[iSongs.info] 02 - Ria.mp3"
Jan 28 12:11 : player: played "MUS/[iSongs.info] 02 - Ria.mp3"
Jan 28 12:29 : player: played "MUS/[iSongs.info] 02 - Ria.mp3"
Jan 28 12:30 : player: played "MUS/[iSongs.info] 02 - Ria.mp3"
Jan 28 12:31 : player: played "MUS/[iSongs.info] 02 - Ria.mp3"
Jan 28 12:35 : player: played "MUS/[iSongs.info] 02 - Ria.mp3"
Jan 28 12:36 : player: played "MUS/[iSongs.info] 02 - Ria.mp3"
Jan 28 12:41 : player: played "MUS/[iSongs.info] 02 - Ria.mp3"
Jan 28 12:46 : player: played "MUS/[iSongs.info] 02 - Ria.mp3"
Jan 28 12:48 : player: played "MUS/[iSongs.info] 02 - Ria.mp3"
Jan 28 15:00 : player: played "MUS/[iSongs.info] 02 - Ria.mp3"
Jan 28 15:02 : player: played "MUS/[iSongs.info] 02 - Ria.mp3"
Jan 28 15:03 : player: played "MUS/[iSongs.info] 02 - Ria.mp3"
Jan 28 15:47 : player: played "MUS/[iSongs.info] 02 - Ria.mp3"
Jan 28 15:59 : player: played "MUS/[iSongs.info] 02 - Ria.mp3"
Jan 29 16:30 : player: played "MUS/[iSongs.info] 02 - Ria.mp3"
Jan 30 12:31 : player: played "MUS/[iSongs.info] 02 - Ria.mp3"
Jan 30 12:48 : player: played "MUS/Ammaye Challo Antu.mp3"
Jan 30 12:52 : player: played "MUS/[iSongs.info] 02 - Gaali Vaaluga.mp3"
Jan 30 13:17 : update: updating MUS/[iSongs.info] Katha Vintava.mp3
Jan 30 13:17 : update: updating MUS/[iSongs.info] 01 - Chiru Chiru Chiru.mp3
Jan 30 13:17 : update: updating MUS/[iSongs.info] 04 - Chuttesai Chuttesai.mp3
Jan 30 13:17 : update: updating MUS/[iSongs.info] 02 - Guche Gulabi.mp3
Jan 30 13:17 : update: updating MUS/Ammaye Challo Antu.mp3
Jan 30 13:17 : update: updating MUS/Justin Bieber - Love Me.mp3
Jan 30 13:17 : update: updating MUS/[iSongs.info] 04 - Seeti Maar.mp3
Jan 30 13:17 : update: updating MUS/[iSongs.info] 02 - Mandaara Poovalle.mp3
Jan 30 13:17 : update: updating MUS/Naa Dooja Koi - Rakul Preet Singh _ Pavail Gulati _ Arko feat. Jyotica Tangri _ Zee Music Originals(MP3_320K).mp3
Jan 30 13:17 : update: updating MUS/[iSongs.info] 05 - Naatu Naatu.mp3
Jan 30 13:17 : update: updating MUS/[iSongs.info] 01 - Run.mp3
Jan 30 13:17 : update: updating MUS/[iSongs.info] 01 - Athiloka Sundari.mp3
Jan 30 13:17 : update: added MUS/Unknown Brain & Spce CadeX - Holding You (feat. Max Landry) [NCS Release]-Nn2aXfUkJsc.mp3
Jan 30 13:17 : update: updating MUS/[iSongs.info] 01 - The Karma Theme.mp3
Jan 30 13:17 : update: updating MUS/Main Tera Boyfriend (Raabta) 128 Kbps.mp3
Jan 30 13:17 : update: updating MUS/Leharaayi.mp3
Jan 30 13:17 : update: updating MUS/[iSongs.info] 05 - Nee Yadalo Naaku.mp3
Jan 30 13:17 : update: updating MUS/[iSongs.info] 02 - Gaali Vaaluga.mp3
Jan 30 13:17 : update: updating MUS/Ye_Chota_Nuvvunna_Saaho_Prabhas_Shraddha_K_Guru_Randhawa_Tulsi_Kumar.mp3
Jan 30 13:17 : update: updating MUS/[iSongs.info] 02 - Ria.mp3
Jan 30 13:17 : update: updating MUS/[iSongs.info] 03 - Kung Fu Kumaari.mp3
Jan 30 13:17 : update: updating MUS/manike-mage-hithe.mp3
Jan 30 13:18 : update: added MUS/Cadmium+Melody+feat+Jon+Becker+Lyric+Video].mp3
Jan 30 13:18 : update: added MUS/Meant To Be.mp3
Jan 30 13:23 : update: added MUS/ClearSky - Take Me Away (feat. Thomas Fiss)-e4U_CytAKXk.mp3
Jan 30 13:35 : exception: Failed to open /home/reddy/.mpd/playlists: No such file or directory
Jan 30 13:36 : player: played "MUS/Unknown Brain & Spce CadeX - Holding You (feat. Max Landry) [NCS Release]-Nn2aXfUkJsc.mp3"
Jan 30 13:36 : player: played "MUS/Unknown Brain & Spce CadeX - Holding You (feat. Max Landry) [NCS Release]-Nn2aXfUkJsc.mp3"
Feb 26 17:24 : player: played "MUS/[iSongs.info] 02 - Ria.mp3"
Feb 26 18:01 : player: played "MUS/[iSongs.info] 02 - Ria.mp3"
Feb 26 19:54 : player: played "MUS/[iSongs.info] 02 - Ria.mp3"
Feb 27 10:10 : player: played "MUS/[iSongs.info] 02 - Ria.mp3"
Feb 27 10:38 : player: played "MUS/[iSongs.info] 02 - Ria.mp3"
Feb 27 13:47 : player: played "MUS/[iSongs.info] 02 - Ria.mp3"
Feb 27 14:03 : player: played "MUS/[iSongs.info] 02 - Ria.mp3"
Apr 18 21:30 : exception: Failed to decode /home/reddy/Music/MUS/[iSongs.info] 02 - Ria.mp3; Failed to open '/home/reddy/Music/MUS/[iSongs.info] 02 - Ria.mp3': No such file or directory
Apr 18 21:30 : player: played "MUS/[iSongs.info] 02 - Ria.mp3"
WARNING: Unhandled message: interface=org.freedesktop.DBus, path=/org/freedesktop/DBus, member=ActivatableServicesChanged
WARNING: Unhandled message: interface=org.freedesktop.DBus, path=/org/freedesktop/DBus, member=ActivatableServicesChanged
WARNING: Unhandled message: interface=org.freedesktop.DBus, path=/org/freedesktop/DBus, member=ActivatableServicesChanged
WARNING: Unhandled message: interface=org.freedesktop.DBus, path=/org/freedesktop/DBus, member=ActivatableServicesChanged
WARNING: Unhandled message: interface=org.freedesktop.DBus, path=/org/freedesktop/DBus, member=ActivatableServicesChanged
Apr 24 14:25 : update: removing MUS/[iSongs.info] 02 - Mandaara Poovalle.mp3
Apr 24 14:25 : update: removing MUS/Unknown Brain & Spce CadeX - Holding You (feat. Max Landry) [NCS Release]-Nn2aXfUkJsc.mp3
Apr 24 14:25 : update: removing MUS/manike-mage-hithe.mp3
Apr 24 14:25 : update: removing MUS/ClearSky - Take Me Away (feat. Thomas Fiss)-e4U_CytAKXk.mp3
Apr 24 14:25 : update: removing MUS/Cadmium+Melody+feat+Jon+Becker+Lyric+Video].mp3
Apr 24 14:25 : update: removing MUS/[iSongs.info] 05 - Naatu Naatu.mp3
Apr 24 14:25 : update: updating MUS/[iSongs.info] 05 - Nee Yadalo Naaku.mp3
Apr 24 14:25 : update: removing MUS/Main Tera Boyfriend (Raabta) 128 Kbps.mp3
Apr 24 14:25 : update: removing MUS/Meant To Be.mp3
Apr 24 14:25 : update: added MUS/[iSongs.info] 01 - Adhento Gaani Vunnapaatuga.mp3
Apr 24 14:25 : update: updating MUS/[iSongs.info] 04 - Chuttesai Chuttesai.mp3
Apr 24 14:25 : update: updating MUS/[iSongs.info] 02 - Guche Gulabi.mp3
Apr 24 14:25 : update: updating MUS/[iSongs.info] Katha Vintava.mp3
Apr 24 14:25 : update: updating MUS/Ammaye Challo Antu.mp3
Apr 24 14:25 : update: updating MUS/[iSongs.info] 01 - Run.mp3
Apr 24 14:25 : update: updating MUS/Naa Dooja Koi - Rakul Preet Singh _ Pavail Gulati _ Arko feat. Jyotica Tangri _ Zee Music Originals(MP3_320K).mp3
Apr 24 14:25 : update: updating MUS/Ye_Chota_Nuvvunna_Saaho_Prabhas_Shraddha_K_Guru_Randhawa_Tulsi_Kumar.mp3
Apr 24 14:25 : update: updating MUS/[iSongs.info] 02 - Ria.mp3
Apr 24 14:25 : update: updating MUS/[iSongs.info] 01 - The Karma Theme.mp3
Apr 24 14:25 : update: added MUS/[iSongs.info] 06 - Rave Na Cheliya.mp3
Apr 24 14:25 : update: updating MUS/[iSongs.info] 02 - Gaali Vaaluga.mp3
Apr 24 14:25 : update: added MUS/[iSongs.info] 01 - Halamithi Habibo (Telugu).mp3
Apr 24 14:25 : update: updating MUS/[iSongs.info] 03 - Kung Fu Kumaari.mp3
Apr 24 14:25 : update: updating MUS/Justin Bieber - Love Me.mp3
Apr 24 14:25 : update: added MUS/[iSongs.info] 03 - Beast Mode.mp3
Apr 24 14:25 : update: updating MUS/[iSongs.info] 01 - Athiloka Sundari.mp3
Apr 24 14:25 : update: added MUS/Shape of You Mp3 Ed Sheeran.mp3
Apr 24 14:25 : update: updating MUS/[iSongs.info] 04 - Seeti Maar.mp3
Apr 24 14:25 : update: updating MUS/[iSongs.info] 01 - Chiru Chiru Chiru.mp3
Apr 24 14:25 : update: updating MUS/Leharaayi.mp3
Apr 25 09:43 : exception: Failed to open /home/reddy/.mpd/playlists: No such file or directory
