Feb 16 16:22 : exception: Failed to open '/home/ram/.mpd/mpdstate': No such file or directory
Feb 16 16:24 : exception: Failed to open /home/ram/.mpd/playlists: No such file or directory
Feb 16 16:24 : update: added /Often-Slowed-Reverb_320(PagalWorld).mp3
Feb 16 16:24 : exception: Failed to open /home/ram/.mpd/playlists: No such file or directory
Feb 16 16:25 : exception: Failed to open /home/ram/.mpd/playlists: No such file or directory
Feb 16 16:27 : exception: Failed to open /home/ram/.mpd/playlists: No such file or directory
Feb 16 16:35 : player: played "Often-Slowed-Reverb_320(PagalWorld).mp3"
Feb 16 16:35 : exception: Failed to open /home/ram/.mpd/playlists: No such file or directory
Feb 16 16:35 : player: played "Often-Slowed-Reverb_320(PagalWorld).mp3"
Feb 16 16:35 : exception: No such playlist
Feb 16 16:35 : exception: Failed to open /home/ram/.mpd/playlists: No such file or directory
Feb 16 16:40 : player: played "Often-Slowed-Reverb_320(PagalWorld).mp3"
Feb 16 16:46 : player: played "Often-Slowed-Reverb_320(PagalWorld).mp3"
Feb 16 16:51 : player: played "Often-Slowed-Reverb_320(PagalWorld).mp3"
Feb 16 16:55 : player: played "Often-Slowed-Reverb_320(PagalWorld).mp3"
Feb 16 17:00 : player: played "Often-Slowed-Reverb_320(PagalWorld).mp3"
Feb 16 17:05 : player: played "Often-Slowed-Reverb_320(PagalWorld).mp3"
Feb 16 17:10 : player: played "Often-Slowed-Reverb_320(PagalWorld).mp3"
Feb 16 17:14 : player: played "Often-Slowed-Reverb_320(PagalWorld).mp3"
Feb 16 22:00 : exception: Failed to open /home/ram/.mpd/playlists: No such file or directory
Feb 16 22:00 : player: played "Often-Slowed-Reverb_320(PagalWorld).mp3"
Feb 16 22:00 : exception: Failed to open /home/ram/.mpd/playlists: No such file or directory
Feb 17 00:02 : player: played "Often-Slowed-Reverb_320(PagalWorld).mp3"
Feb 17 11:16 : update: removing Often-Slowed-Reverb_320(PagalWorld).mp3
Feb 18 15:56 : exception: Failed to open /home/ram/.mpd/playlists: No such file or directory
Feb 18 15:56 : exception: Failed to open /home/ram/.mpd/playlists: No such file or directory
Feb 18 15:56 : exception: Failed to open /home/ram/.mpd/playlists: No such file or directory
Feb 18 15:56 : exception: Failed to open /home/ram/.mpd/playlists: No such file or directory
Feb 18 15:56 : exception: Failed to open /home/ram/.mpd/playlists: No such file or directory
Feb 18 16:02 : update: added /Aasman Ko Chukar [b5Tqpdj8tRs].mp3
Feb 18 16:02 : exception: Failed to open /home/ram/.mpd/playlists: No such file or directory
Feb 18 16:02 : exception: Failed to open /home/ram/.mpd/playlists: No such file or directory
Feb 18 16:05 : player: played "Aasman Ko Chukar [b5Tqpdj8tRs].mp3"
Feb 18 16:09 : exception: Failed to open /home/ram/.mpd/playlists: No such file or directory
Feb 18 16:09 : exception: Failed to open /home/ram/.mpd/playlists: No such file or directory
Feb 18 16:09 : exception: Failed to open /home/ram/.mpd/playlists: No such file or directory
Feb 18 16:09 : exception: Failed to open /home/ram/.mpd/playlists: No such file or directory
Feb 18 16:09 : exception: Failed to open /home/ram/.mpd/playlists: No such file or directory
Feb 18 16:09 : exception: Failed to open /home/ram/.mpd/playlists: No such file or directory
Feb 18 16:09 : exception: Failed to open /home/ram/.mpd/playlists: No such file or directory
Feb 18 16:09 : exception: Failed to open /home/ram/.mpd/playlists: No such file or directory
Feb 18 16:09 : exception: Failed to open /home/ram/.mpd/playlists: No such file or directory
Feb 18 16:09 : exception: Failed to open /home/ram/.mpd/playlists: No such file or directory
Feb 18 16:09 : exception: Failed to open /home/ram/.mpd/playlists: No such file or directory
Feb 18 16:09 : exception: Failed to open /home/ram/.mpd/playlists: No such file or directory
Feb 18 16:09 : exception: Failed to open /home/ram/.mpd/playlists: No such file or directory
Feb 18 16:09 : exception: Failed to open /home/ram/.mpd/playlists: No such file or directory
Feb 18 16:09 : exception: Failed to open /home/ram/.mpd/playlists: No such file or directory
Feb 18 16:09 : exception: Failed to open /home/ram/.mpd/playlists: No such file or directory
Feb 18 16:09 : exception: Failed to open /home/ram/.mpd/playlists: No such file or directory
Feb 18 16:09 : exception: Failed to open /home/ram/.mpd/playlists: No such file or directory
Feb 18 16:09 : exception: Failed to open /home/ram/.mpd/playlists: No such file or directory
Feb 18 16:09 : exception: Failed to open /home/ram/.mpd/playlists: No such file or directory
Feb 18 16:09 : exception: Failed to open /home/ram/.mpd/playlists: No such file or directory
Feb 18 16:09 : exception: Failed to open /home/ram/.mpd/playlists: No such file or directory
Feb 18 16:10 : update: added /7 Years [vTMAa6zZ7jY].mp3
Feb 18 16:10 : update: added /A Sky Full of Stars [KWuyx6yZ21U].mp3
Feb 18 16:10 : update: added /Hum Toh Deewane [_7BbjR7tPDU].mp3
Feb 18 16:10 : update: added /Love Me Like You Do (From ＂Fifty Shades Of Grey＂) [6eW99oNNRvI].mp3
Feb 18 16:10 : update: added /Bob's Beat [XjJOs-eiZ4E].mp3
Feb 18 16:10 : update: added /Photograph [SlbfAYvA_gI].mp3
Feb 18 16:10 : update: added /See You Again (feat. Charlie Puth) [4YNaaX0-nbI].mp3
Feb 18 16:10 : update: added /Eenie Meenie [7n1pMfm-n8A].mp3
Feb 18 16:10 : update: added /Let Me Love You [rJ0D1GbDq1Q].mp3
Feb 18 16:10 : update: added /Love Is Gone (Acoustic) [HiXx5JFRxb4].mp3
Feb 18 16:10 : update: added /Let Her Go x Husn (Gravero Mashup) ｜ Anuv Jain [bL6dJjxm0x0].mp3
Feb 18 16:10 : update: added /Stereo Hearts (feat. Adam Levine) [SiRJw4f_ufc].mp3
Feb 18 16:10 : update: added /Paris [Dfiw7EmRTC4].mp3
Feb 18 16:10 : update: added /Love Me Like You Do (From ＂Fifty Shades Of Grey＂) [6eW99oNNRvI].webm
Feb 18 16:10 : update: added /Ghost [v6HFc5I0hr8].mp3
Feb 18 16:10 : update: added /Symphony (feat. Zara Larsson) [-SttFgyRNCI].mp3
Feb 18 16:10 : update: added /Maine Royaan [FeuNDjP_vXA].mp3
Feb 18 16:10 : update: added /Often (Kygo Remix) [qsDfFE2i0Ws].mp3
Feb 18 16:10 : update: added /All 4 Nothing (I'm So In Love) [Ahm7myXatco].mp3
Feb 18 16:10 : update: removing Love Me Like You Do (From ＂Fifty Shades Of Grey＂) [6eW99oNNRvI].webm
Feb 18 16:10 : update: updating /Love Me Like You Do (From ＂Fifty Shades Of Grey＂) [6eW99oNNRvI].mp3
Feb 18 16:10 : exception: Failed to open /home/ram/.mpd/playlists: No such file or directory
Feb 18 16:11 : update: added /Light Switch [ntG3GQdY_Ok].mp3
Feb 18 16:11 : update: added /I Ain't Worried [NF7oYY7Lhq4].mp3
Feb 18 16:11 : update: added /Counting Stars [_GWKkqNoyEA].mp3
Feb 18 16:11 : update: added /Way down We Go [YTCS7IWUJu8].mp3
Feb 18 16:12 : update: added Liked Music/7 Years [vTMAa6zZ7jY].mp3
Feb 18 16:12 : update: added Liked Music/A Sky Full of Stars [KWuyx6yZ21U].mp3
Feb 18 16:12 : update: added Liked Music/Hum Toh Deewane [_7BbjR7tPDU].mp3
Feb 18 16:12 : update: added Liked Music/Light Switch [ntG3GQdY_Ok].mp3
Feb 18 16:12 : update: added Liked Music/Love Me Like You Do (From ＂Fifty Shades Of Grey＂) [6eW99oNNRvI].mp3
Feb 18 16:12 : update: added Liked Music/Bob's Beat [XjJOs-eiZ4E].mp3
Feb 18 16:12 : update: added Liked Music/Photograph [SlbfAYvA_gI].mp3
Feb 18 16:12 : update: added Liked Music/I Ain't Worried [NF7oYY7Lhq4].mp3
Feb 18 16:12 : update: added Liked Music/See You Again (feat. Charlie Puth) [4YNaaX0-nbI].mp3
Feb 18 16:12 : update: added Liked Music/Eenie Meenie [7n1pMfm-n8A].mp3
Feb 18 16:12 : update: added Liked Music/Counting Stars [_GWKkqNoyEA].mp3
Feb 18 16:12 : update: added Liked Music/Way down We Go [YTCS7IWUJu8].mp3
Feb 18 16:12 : update: added Liked Music/Let Me Love You [rJ0D1GbDq1Q].mp3
Feb 18 16:12 : update: added Liked Music/Love Is Gone (Acoustic) [HiXx5JFRxb4].mp3
Feb 18 16:12 : update: added Liked Music/Let Her Go x Husn (Gravero Mashup) ｜ Anuv Jain [bL6dJjxm0x0].mp3
Feb 18 16:12 : update: added Liked Music/Aasman Ko Chukar [b5Tqpdj8tRs].mp3
Feb 18 16:12 : update: added Liked Music/Stereo Hearts (feat. Adam Levine) [SiRJw4f_ufc].mp3
Feb 18 16:12 : update: added Liked Music/Paris [Dfiw7EmRTC4].mp3
Feb 18 16:12 : update: added Liked Music/Ghost [v6HFc5I0hr8].mp3
Feb 18 16:12 : update: added Liked Music/Symphony (feat. Zara Larsson) [-SttFgyRNCI].mp3
Feb 18 16:12 : update: added Liked Music/Maine Royaan [FeuNDjP_vXA].mp3
Feb 18 16:12 : update: added Liked Music/Often (Kygo Remix) [qsDfFE2i0Ws].mp3
Feb 18 16:12 : update: added Liked Music/All 4 Nothing (I'm So In Love) [Ahm7myXatco].mp3
Feb 18 16:12 : update: removing Eenie Meenie [7n1pMfm-n8A].mp3
Feb 18 16:12 : update: removing Counting Stars [_GWKkqNoyEA].mp3
Feb 18 16:12 : update: removing Bob's Beat [XjJOs-eiZ4E].mp3
Feb 18 16:12 : update: removing All 4 Nothing (I'm So In Love) [Ahm7myXatco].mp3
Feb 18 16:12 : update: removing Aasman Ko Chukar [b5Tqpdj8tRs].mp3
Feb 18 16:12 : update: removing A Sky Full of Stars [KWuyx6yZ21U].mp3
Feb 18 16:12 : update: removing 7 Years [vTMAa6zZ7jY].mp3
Feb 18 16:12 : update: removing Let Me Love You [rJ0D1GbDq1Q].mp3
Feb 18 16:12 : update: removing Let Her Go x Husn (Gravero Mashup) ｜ Anuv Jain [bL6dJjxm0x0].mp3
Feb 18 16:12 : update: removing I Ain't Worried [NF7oYY7Lhq4].mp3
Feb 18 16:12 : update: removing Hum Toh Deewane [_7BbjR7tPDU].mp3
Feb 18 16:12 : update: removing Ghost [v6HFc5I0hr8].mp3
Feb 18 16:12 : update: removing Love Is Gone (Acoustic) [HiXx5JFRxb4].mp3
Feb 18 16:12 : update: removing Light Switch [ntG3GQdY_Ok].mp3
Feb 18 16:12 : update: removing Love Me Like You Do (From ＂Fifty Shades Of Grey＂) [6eW99oNNRvI].mp3
Feb 18 16:12 : update: removing Maine Royaan [FeuNDjP_vXA].mp3
Feb 18 16:12 : update: removing Often (Kygo Remix) [qsDfFE2i0Ws].mp3
Feb 18 16:12 : update: removing Paris [Dfiw7EmRTC4].mp3
Feb 18 16:12 : update: removing Photograph [SlbfAYvA_gI].mp3
Feb 18 16:12 : update: removing See You Again (feat. Charlie Puth) [4YNaaX0-nbI].mp3
Feb 18 16:12 : update: removing Way down We Go [YTCS7IWUJu8].mp3
Feb 18 16:12 : update: removing Symphony (feat. Zara Larsson) [-SttFgyRNCI].mp3
Feb 18 16:12 : update: removing Stereo Hearts (feat. Adam Levine) [SiRJw4f_ufc].mp3
Feb 18 16:12 : exception: Failed to open /home/ram/.mpd/playlists: No such file or directory
Feb 18 16:13 : exception: Failed to open /home/ram/.mpd/playlists: No such file or directory
Feb 18 16:13 : exception: Failed to open /home/ram/.mpd/playlists: No such file or directory
Feb 18 16:13 : exception: Failed to open /home/ram/.mpd/playlists: No such file or directory
Feb 18 16:13 : exception: Failed to open /home/ram/.mpd/playlists: No such file or directory
Feb 18 16:13 : exception: Failed to open /home/ram/.mpd/playlists: No such file or directory
Feb 18 16:13 : exception: Failed to open /home/ram/.mpd/playlists: No such file or directory
Feb 18 16:13 : exception: Failed to open /home/ram/.mpd/playlists: No such file or directory
Feb 18 16:13 : exception: Failed to open /home/ram/.mpd/playlists: No such file or directory
Feb 18 16:13 : exception: Failed to open /home/ram/.mpd/playlists: No such file or directory
Feb 18 16:13 : exception: Failed to open /home/ram/.mpd/playlists: No such file or directory
Feb 18 16:13 : exception: Failed to open /home/ram/.mpd/playlists: No such file or directory
Feb 18 16:13 : exception: Failed to open /home/ram/.mpd/playlists: No such file or directory
Feb 18 16:13 : exception: Failed to open /home/ram/.mpd/playlists: No such file or directory
Feb 18 16:13 : exception: Failed to open /home/ram/.mpd/playlists: No such file or directory
Feb 18 16:13 : exception: Failed to open /home/ram/.mpd/playlists: No such file or directory
Feb 18 16:13 : exception: Failed to open /home/ram/.mpd/playlists: No such file or directory
Feb 18 16:13 : exception: Failed to open /home/ram/.mpd/playlists: No such file or directory
Feb 18 16:15 : exception: Failed to open /home/ram/.mpd/playlists: No such file or directory
Feb 18 16:15 : player: played "Liked Music/Aasman Ko Chukar [b5Tqpdj8tRs].mp3"
Feb 18 16:16 : player: played "Liked Music/7 Years [vTMAa6zZ7jY].mp3"
Feb 18 16:17 : exception: Failed to open /home/ram/.mpd/playlists: No such file or directory
Feb 18 16:17 : exception: Failed to open /home/ram/.mpd/playlists: No such file or directory
Feb 18 16:17 : exception: Failed to open /home/ram/.mpd/playlists: No such file or directory
Feb 18 16:17 : exception: Failed to open /home/ram/.mpd/playlists: No such file or directory
Feb 18 16:17 : player: played "Liked Music/7 Years [vTMAa6zZ7jY].mp3"
Feb 18 16:18 : player: played "Liked Music/7 Years [vTMAa6zZ7jY].mp3"
Feb 18 16:20 : player: played "Liked Music/7 Years [vTMAa6zZ7jY].mp3"
Feb 18 16:20 : update: added Playlists/Liked Music/7 Years [vTMAa6zZ7jY].mp3
Feb 18 16:20 : update: added Playlists/Liked Music/A Sky Full of Stars [KWuyx6yZ21U].mp3
Feb 18 16:20 : update: added Playlists/Liked Music/Hum Toh Deewane [_7BbjR7tPDU].mp3
Feb 18 16:20 : update: added Playlists/Liked Music/Light Switch [ntG3GQdY_Ok].mp3
Feb 18 16:20 : update: added Playlists/Liked Music/Love Me Like You Do (From ＂Fifty Shades Of Grey＂) [6eW99oNNRvI].mp3
Feb 18 16:20 : update: added Playlists/Liked Music/Bob's Beat [XjJOs-eiZ4E].mp3
Feb 18 16:20 : update: added Playlists/Liked Music/Photograph [SlbfAYvA_gI].mp3
Feb 18 16:20 : update: added Playlists/Liked Music/I Ain't Worried [NF7oYY7Lhq4].mp3
Feb 18 16:20 : update: added Playlists/Liked Music/See You Again (feat. Charlie Puth) [4YNaaX0-nbI].mp3
Feb 18 16:20 : update: added Playlists/Liked Music/Eenie Meenie [7n1pMfm-n8A].mp3
Feb 18 16:20 : update: added Playlists/Liked Music/Counting Stars [_GWKkqNoyEA].mp3
Feb 18 16:20 : update: added Playlists/Liked Music/Way down We Go [YTCS7IWUJu8].mp3
Feb 18 16:20 : update: added Playlists/Liked Music/Let Me Love You [rJ0D1GbDq1Q].mp3
Feb 18 16:20 : update: added Playlists/Liked Music/Love Is Gone (Acoustic) [HiXx5JFRxb4].mp3
Feb 18 16:20 : update: added Playlists/Liked Music/Let Her Go x Husn (Gravero Mashup) ｜ Anuv Jain [bL6dJjxm0x0].mp3
Feb 18 16:20 : update: added Playlists/Liked Music/Aasman Ko Chukar [b5Tqpdj8tRs].mp3
Feb 18 16:20 : update: added Playlists/Liked Music/Stereo Hearts (feat. Adam Levine) [SiRJw4f_ufc].mp3
Feb 18 16:20 : update: added Playlists/Liked Music/Paris [Dfiw7EmRTC4].mp3
Feb 18 16:20 : update: added Playlists/Liked Music/Ghost [v6HFc5I0hr8].mp3
Feb 18 16:20 : update: added Playlists/Liked Music/Symphony (feat. Zara Larsson) [-SttFgyRNCI].mp3
Feb 18 16:20 : update: added Playlists/Liked Music/Maine Royaan [FeuNDjP_vXA].mp3
Feb 18 16:20 : update: added Playlists/Liked Music/Often (Kygo Remix) [qsDfFE2i0Ws].mp3
Feb 18 16:20 : update: added Playlists/Liked Music/All 4 Nothing (I'm So In Love) [Ahm7myXatco].mp3
Feb 18 16:20 : update: removing Liked Music/I Ain't Worried [NF7oYY7Lhq4].mp3
Feb 18 16:20 : update: removing Liked Music/Hum Toh Deewane [_7BbjR7tPDU].mp3
Feb 18 16:20 : update: removing Liked Music/Ghost [v6HFc5I0hr8].mp3
Feb 18 16:20 : update: removing Liked Music/Eenie Meenie [7n1pMfm-n8A].mp3
Feb 18 16:20 : update: removing Liked Music/Counting Stars [_GWKkqNoyEA].mp3
Feb 18 16:20 : update: removing Liked Music/Bob's Beat [XjJOs-eiZ4E].mp3
Feb 18 16:20 : update: removing Liked Music/All 4 Nothing (I'm So In Love) [Ahm7myXatco].mp3
Feb 18 16:20 : update: removing Liked Music/Aasman Ko Chukar [b5Tqpdj8tRs].mp3
Feb 18 16:20 : update: removing Liked Music/A Sky Full of Stars [KWuyx6yZ21U].mp3
Feb 18 16:20 : update: removing Liked Music/7 Years [vTMAa6zZ7jY].mp3
Feb 18 16:20 : update: removing Liked Music/Way down We Go [YTCS7IWUJu8].mp3
Feb 18 16:20 : update: removing Liked Music/Symphony (feat. Zara Larsson) [-SttFgyRNCI].mp3
Feb 18 16:20 : update: removing Liked Music/Stereo Hearts (feat. Adam Levine) [SiRJw4f_ufc].mp3
Feb 18 16:20 : update: removing Liked Music/See You Again (feat. Charlie Puth) [4YNaaX0-nbI].mp3
Feb 18 16:20 : update: removing Liked Music/Photograph [SlbfAYvA_gI].mp3
Feb 18 16:20 : update: removing Liked Music/Paris [Dfiw7EmRTC4].mp3
Feb 18 16:20 : update: removing Liked Music/Often (Kygo Remix) [qsDfFE2i0Ws].mp3
Feb 18 16:20 : update: removing Liked Music/Maine Royaan [FeuNDjP_vXA].mp3
Feb 18 16:20 : update: removing Liked Music/Love Me Like You Do (From ＂Fifty Shades Of Grey＂) [6eW99oNNRvI].mp3
Feb 18 16:20 : update: removing Liked Music/Love Is Gone (Acoustic) [HiXx5JFRxb4].mp3
Feb 18 16:20 : update: removing Liked Music/Light Switch [ntG3GQdY_Ok].mp3
Feb 18 16:20 : update: removing Liked Music/Let Me Love You [rJ0D1GbDq1Q].mp3
Feb 18 16:20 : update: removing Liked Music/Let Her Go x Husn (Gravero Mashup) ｜ Anuv Jain [bL6dJjxm0x0].mp3
May 04 11:07 : update: updating Playlists/Liked Music/Symphony (feat. Zara Larsson) [-SttFgyRNCI].mp3
May 04 11:07 : update: updating Playlists/Liked Music/Eenie Meenie [7n1pMfm-n8A].mp3
May 04 11:07 : update: added Playlists/Liked Music/Choo Lo [opwZ_PJ-F_E].mp3
May 04 11:07 : update: added Playlists/Liked Music/Malang Sajna [BA37wV6e7IE].mp3
May 04 11:07 : update: updating Playlists/Liked Music/Photograph [SlbfAYvA_gI].mp3
May 04 11:07 : update: updating Playlists/Liked Music/7 Years [vTMAa6zZ7jY].mp3
May 04 11:07 : update: updating Playlists/Liked Music/Paris [Dfiw7EmRTC4].mp3
May 04 11:07 : update: updating Playlists/Liked Music/I Ain't Worried [NF7oYY7Lhq4].mp3
May 04 11:07 : update: updating Playlists/Liked Music/Ghost [v6HFc5I0hr8].mp3
May 04 11:07 : update: updating Playlists/Liked Music/Stereo Hearts (feat. Adam Levine) [SiRJw4f_ufc].mp3
May 04 11:07 : update: updating Playlists/Liked Music/Counting Stars [_GWKkqNoyEA].mp3
May 04 11:07 : update: updating Playlists/Liked Music/See You Again (feat. Charlie Puth) [4YNaaX0-nbI].mp3
May 04 11:07 : update: updating Playlists/Liked Music/Let Me Love You [rJ0D1GbDq1Q].mp3
May 04 11:07 : update: updating Playlists/Liked Music/Often (Kygo Remix) [qsDfFE2i0Ws].mp3
May 04 11:07 : update: updating Playlists/Liked Music/Love Is Gone (Acoustic) [HiXx5JFRxb4].mp3
May 04 11:07 : update: updating Playlists/Liked Music/Love Me Like You Do (From ＂Fifty Shades Of Grey＂) [6eW99oNNRvI].mp3
May 04 11:07 : update: updating Playlists/Liked Music/Light Switch [ntG3GQdY_Ok].mp3
May 04 11:07 : update: updating Playlists/Liked Music/Way down We Go [YTCS7IWUJu8].mp3
May 04 11:07 : update: updating Playlists/Liked Music/A Sky Full of Stars [KWuyx6yZ21U].mp3
May 04 11:07 : update: updating Playlists/Liked Music/All 4 Nothing (I'm So In Love) [Ahm7myXatco].mp3
